<html>
<body>
<pre>
<h1>µVision Build Log</h1>
<h2>Tool Versions:</h2>
IDE-Version: µVision V5.40.0.0
Copyright (C) 2024 ARM Ltd and ARM Germany GmbH. All rights reserved.
License Information: Chentao Fan, Case Reserve Western University, LIC=----
 
Tool Versions:
Toolchain:       PK51 Prof. Develpers Kit  Version: 9.60.7.0
Toolchain Path:  D:\Keil_v5\C51\BIN
C Compiler:      C51.exe V9.60.7.0
Assembler:       A51.exe V8.2.7.0
Linker/Locator:  BL51.exe V6.22.4.0
Library Manager: LIB51.exe V4.30.1.0
Hex Converter:   OH51.exe V2.7.0.0
CPU DLL:         S8051.DLL V3.125.1.0
Dialog DLL:      DP51.DLL V2.69.0.0 
<h2>Project:</h2>
F:\GitHub\timestamp\timestamp.uvproj
Project File Date:  06/17/2024

<h2>Output:</h2>
Build target 'Target 1'
compiling test.c...
timestamp.h(1): warning C318: can't open file 'stdint.h'
timestamp.h(55): error C141: syntax error near 'uint32_t', expected 'sizeof'
timestamp.h(55): error C202: 'i': undefined identifier
timestamp.h(55): error C202: 'i': undefined identifier
timestamp.h(55): error C141: syntax error near ')', expected ';'
timestamp.h(59): error C202: 'i': undefined identifier
timestamp.h(61): error C141: syntax error near 'uint32_t', expected '__asm'
timestamp.h(61): error C202: 'temp': undefined identifier
timestamp.h(67): error C202: 'temp': undefined identifier
timestamp.h(70): error C202: 'temp': undefined identifier
timestamp.h(75): error C171: 'break': missing enclosing loop
timestamp.h(79): error C141: syntax error near 'uint32_t', expected '__asm'
timestamp.h(79): error C202: 'mon_temp': undefined identifier
timestamp.h(80): error C202: 'mon_temp': undefined identifier
timestamp.h(81): error C202: 'mon_temp': undefined identifier
timestamp.h(106): error C141: syntax error near 'uint32_t', expected 'sizeof'
timestamp.h(106): error C202: 'y': undefined identifier
timestamp.h(106): error C202: 'y': undefined identifier
timestamp.h(106): error C202: 'y': undefined identifier
timestamp.h(106): error C141: syntax error near ')', expected ';'
timestamp.h(110): error C141: syntax error near 'uint8_t', expected 'sizeof'
timestamp.h(110): error C202: 'm': undefined identifier
timestamp.h(110): error C202: 'm': undefined identifier
timestamp.h(110): error C202: 'm': undefined identifier
timestamp.h(110): error C141: syntax error near ')', expected ';'
timestamp.h(115): error C202: 'm': undefined identifier
test.c(11): error C141: syntax error near 'time_struct', expected '__asm'
test.c(11): error C202: 'tt_in': undefined identifier
test.c(13): error C202: 'tt_in': undefined identifier
test.c(17): error C141: syntax error near 'time_struct', expected '__asm'
test.c(17): error C202: 't_out': undefined identifier
test.c(17): error C141: syntax error near '{', expected 'sizeof'
test.c(17): error C141: syntax error near '}', expected ';'
test.c(18): error C141: syntax error near 'uint32_t', expected '__asm'
test.c(19): error C202: 'stamp': undefined identifier
compiling test_ssec.c...
stdafx.h(9): warning C322: unknown identifier
timestamp_ssec.h(7): error C141: syntax error near 'long', expected 'hdata'
timestamp_ssec.h(21): error C129: missing ';' before 'leapyear_check'
Target not created.
Build Time Elapsed:  00:00:01
</pre>
</body>
</html>
